shared/build/intermediates/manifest_merge_blame_file/debug/manifest-merger-blame-debug-report.txt
1<?xml version="1.0" encoding="utf-8"?>
2<manifest xmlns:android="http://schemas.android.com/apk/res/android"
3    package="br.com.matuki.radiobrowser.shared" >
4
5    <uses-sdk
6        android:minSdkVersion="28"
6-->src/main/AndroidManifest.xml
7        android:targetSdkVersion="32" />
7-->src/main/AndroidManifest.xml
8
9    <uses-permission android:name="android.permission.FOREGROUND_SERVICE" />
9-->src/main/AndroidManifest.xml:4:5-77
9-->src/main/AndroidManifest.xml:4:22-74
10    <uses-permission android:name="android.permission.INTERNET" />
10-->src/main/AndroidManifest.xml:5:5-67
10-->src/main/AndroidManifest.xml:5:22-64
11
12    <application android:appCategory="audio" >
12-->src/main/AndroidManifest.xml:7:5-30:19
12-->src/main/AndroidManifest.xml:7:18-45
13        <meta-data
13-->src/main/AndroidManifest.xml:9:9-11:59
14            android:name="com.android.automotive"
14-->src/main/AndroidManifest.xml:10:13-50
15            android:resource="@xml/automotive_app_desc" />
15-->src/main/AndroidManifest.xml:11:13-56
16
17        <!--
18         Main music service, provides media browsing and media playback services to
19         consumers through MediaBrowserService and MediaSession. Consumers connect to it through
20         MediaBrowser (for browsing) and MediaController (for playback control)
21        -->
22        <service
22-->src/main/AndroidManifest.xml:16:9-23:19
23            android:name="br.com.matuki.radiobrowser.shared.RadioBrowserService"
23-->src/main/AndroidManifest.xml:17:13-81
24            android:enabled="true"
24-->src/main/AndroidManifest.xml:18:13-35
25            android:exported="true" >
25-->src/main/AndroidManifest.xml:19:13-36
26            <intent-filter>
26-->src/main/AndroidManifest.xml:20:13-22:29
27                <action android:name="android.media.browse.MediaBrowserService" />
27-->src/main/AndroidManifest.xml:21:17-83
27-->src/main/AndroidManifest.xml:21:25-80
28            </intent-filter>
29        </service>
30
31        <provider
31-->src/main/AndroidManifest.xml:25:9-28:39
32            android:name="br.com.matuki.radiobrowser.shared.provider.AlbumArtContentProvider"
32-->src/main/AndroidManifest.xml:26:13-61
33            android:authorities="br.com.matuki.radiobrowser"
33-->src/main/AndroidManifest.xml:27:13-61
34            android:exported="true" />
34-->src/main/AndroidManifest.xml:28:13-36
35    </application>
36
37</manifest>